<?xml version="1.0" encoding="UTF-8"?>
<!-- Generated by org.testng.reporters.JUnitReportReporter -->
<testsuite hostname="Mohanas-MacBook-Air.local" failures="0" tests="5" name="sfdc.org.test.LeadsTest" time="78.369" errors="0" timestamp="2022-09-07T20:28:42 EDT" skipped="0">
  <testcase classname="sfdc.org.test.LeadsTest" name="leadsSelectViewTC21" time="13.183"/>
  <system-out/>
  <testcase classname="sfdc.org.test.LeadsTest" name="goButtonTC22" time="21.139"/>
  <system-out/>
  <testcase classname="sfdc.org.test.LeadsTest" name="todaysLeadNewTC24" time="15.189"/>
  <system-out/>
  <testcase classname="sfdc.org.test.LeadsTest" name="todaysLeadListTC23" time="16.136"/>
  <system-out/>
  <testcase classname="sfdc.org.test.LeadsTest" name="leadsTabTC20" time="12.722"/>
  <system-out/>
</testsuite> <!-- sfdc.org.test.LeadsTest -->
