<?xml version="1.0" encoding="UTF-8"?>
<!-- Generated by org.testng.reporters.JUnitReportReporter -->
<testsuite hostname="Mohanas-MacBook-Air.local" failures="0" tests="5" name="sfdc.org.test.OppurtunitiesTest" time="69.584" errors="0" timestamp="2022-09-07T20:28:42 EDT" skipped="0">
  <testcase classname="sfdc.org.test.OppurtunitiesTest" name="dropdownOpportunitiesTC15" time="10.255"/>
  <system-out/>
  <testcase classname="sfdc.org.test.OppurtunitiesTest" name="quarterlySummaryReportTC19" time="13.007"/>
  <system-out/>
  <testcase classname="sfdc.org.test.OppurtunitiesTest" name="opportunityPipelineReportTC17" time="12.371"/>
  <system-out/>
  <testcase classname="sfdc.org.test.OppurtunitiesTest" name="stuckOpportunitiesTC18" time="11.887"/>
  <system-out/>
  <testcase classname="sfdc.org.test.OppurtunitiesTest" name="CreateNewOptyTC16" time="22.064"/>
  <system-out/>
</testsuite> <!-- sfdc.org.test.OppurtunitiesTest -->
